[duruthemes.com/demo/html/perukar/multipage-slideshow/index.html]
[backblue.gif]
[fade.gif]
[index.html]
[duruthemes.com/demo/html/perukar/multipage-slideshow/img/favicon.png]
[duruthemes.com/demo/html/perukar/multipage-slideshow/css/plugins.css]
[duruthemes.com/demo/html/perukar/multipage-slideshow/css/style.css]
[duruthemes.com/demo/html/perukar/multipage-slideshow/img/logo.png]
[duruthemes.com/demo/html/perukar/multipage-slideshow/about.html]
[duruthemes.com/demo/html/perukar/multipage-slideshow/services.html]
[duruthemes.com/demo/html/perukar/multipage-slideshow/pricing.html]
[duruthemes.com/demo/html/perukar/multipage-slideshow/portfolio.html]
[duruthemes.com/demo/html/perukar/multipage-slideshow/team.html]
[duruthemes.com/demo/html/perukar/multipage-slideshow/faq.html]
[duruthemes.com/demo/html/perukar/multipage-slideshow/services-page.html]
[duruthemes.com/demo/html/perukar/multipage-slideshow/team-details.html]
[duruthemes.com/demo/html/perukar/multipage-slideshow/post.html]
[duruthemes.com/demo/html/perukar/multipage-slideshow/404.html]
[duruthemes.com/demo/html/perukar/multipage-slideshow/coming-soon.html]
[duruthemes.com/demo/html/perukar/multipage-slideshow/blog.html]
[duruthemes.com/demo/html/perukar/multipage-slideshow/blog2.html]
[duruthemes.com/demo/html/perukar/multipage-slideshow/blog3.html]
[duruthemes.com/demo/html/perukar/multipage-slideshow/contact.html]
[duruthemes.com/demo/html/perukar/multipage-slideshow/img/about2.jpg]
[duruthemes.com/demo/html/perukar/multipage-slideshow/img/about.jpg]
[duruthemes.com/demo/html/perukar/multipage-slideshow/img/about3.jpg]
[duruthemes.com/demo/html/perukar/multipage-slideshow/img/signature.svg]
[duruthemes.com/demo/html/perukar/multipage-slideshow/img/services/2.jpg]
[duruthemes.com/demo/html/perukar/multipage-slideshow/img/services/1.jpg]
[duruthemes.com/demo/html/perukar/multipage-slideshow/img/services/3.jpg]
[duruthemes.com/demo/html/perukar/multipage-slideshow/img/team/1.jpg]
[duruthemes.com/demo/html/perukar/multipage-slideshow/img/team/2.jpg]
[duruthemes.com/demo/html/perukar/multipage-slideshow/img/team/3.jpg]
[duruthemes.com/demo/html/perukar/multipage-slideshow/img/barber.jpg]
[duruthemes.com/demo/html/perukar/multipage-slideshow/img/kids.jpg]
[duruthemes.com/demo/html/perukar/multipage-slideshow/img/team/b3.jpg]
[duruthemes.com/demo/html/perukar/multipage-slideshow/img/slider/5.jpg]
[duruthemes.com/demo/html/perukar/multipage-slideshow/img/team/b1.jpg]
[duruthemes.com/demo/html/perukar/multipage-slideshow/img/team/b2.jpg]
[duruthemes.com/demo/html/perukar/multipage-slideshow/img/team/b4.jpg]
[duruthemes.com/demo/html/perukar/multipage-slideshow/img/slider/8.jpg]
[duruthemes.com/demo/html/perukar/multipage-slideshow/img/slider/9.jpg]
[duruthemes.com/demo/html/perukar/multipage-slideshow/img/slider/6.jpg]
[duruthemes.com/demo/html/perukar/multipage-slideshow/img/slider/4.jpg]
[duruthemes.com/demo/html/perukar/multipage-slideshow/img/slider/16.jpg]
[duruthemes.com/demo/html/perukar/multipage-slideshow/img/slider/19.jpg]
[duruthemes.com/demo/html/perukar/multipage-slideshow/img/clients/2.png]
[duruthemes.com/demo/html/perukar/multipage-slideshow/img/clients/3.png]
[duruthemes.com/demo/html/perukar/multipage-slideshow/img/clients/4.png]
[duruthemes.com/demo/html/perukar/multipage-slideshow/img/clients/5.png]
[duruthemes.com/demo/html/perukar/multipage-slideshow/img/clients/6.png]
[duruthemes.com/demo/html/perukar/multipage-slideshow/js/jquery-3.6.3.min.js]
[duruthemes.com/demo/html/perukar/multipage-slideshow/js/jquery-migrate-3.0.0.min.js]
[duruthemes.com/demo/html/perukar/multipage-slideshow/js/modernizr-2.6.2.min.js]
[duruthemes.com/demo/html/perukar/multipage-slideshow/js/imagesloaded.pkgd.min.js]
[duruthemes.com/demo/html/perukar/multipage-slideshow/js/jquery.isotope.v3.0.2.js]
[duruthemes.com/demo/html/perukar/multipage-slideshow/js/popper.min.js]
[duruthemes.com/demo/html/perukar/multipage-slideshow/js/bootstrap.min.js]
[duruthemes.com/demo/html/perukar/multipage-slideshow/js/scrollIt.min.js]
[duruthemes.com/demo/html/perukar/multipage-slideshow/js/jquery.waypoints.min.js]
[duruthemes.com/demo/html/perukar/multipage-slideshow/js/owl.carousel.min.js]
[duruthemes.com/demo/html/perukar/multipage-slideshow/js/jquery.stellar.min.js]
[duruthemes.com/demo/html/perukar/multipage-slideshow/js/jquery.magnific-popup.js]
[duruthemes.com/demo/html/perukar/multipage-slideshow/js/YouTubePopUp.js]
[duruthemes.com/demo/html/perukar/multipage-slideshow/js/select2.js]
[duruthemes.com/demo/html/perukar/multipage-slideshow/js/datepicker.js]
[duruthemes.com/demo/html/perukar/multipage-slideshow/js/smooth-scroll.min.js]
[duruthemes.com/demo/html/perukar/multipage-slideshow/js/vegas.slider.min.js]
[duruthemes.com/demo/html/perukar/multipage-slideshow/js/custom.js]
[duruthemes.com/demo/html/perukar/multipage-slideshow/index.html]
[duruthemes.com/demo/html/perukar/multipage-slideshow/css/plugins/bootstrap.min.css]
[duruthemes.com/demo/html/perukar/multipage-slideshow/css/plugins/owl.carousel.min.css]
[duruthemes.com/demo/html/perukar/multipage-slideshow/css/plugins/owl.theme.default.min.css]
[duruthemes.com/demo/html/perukar/multipage-slideshow/css/plugins/animate.min.css]
[duruthemes.com/demo/html/perukar/multipage-slideshow/css/plugins/themify-icons.css]
[duruthemes.com/demo/html/perukar/multipage-slideshow/css/plugins/barber-icons.css]
[duruthemes.com/demo/html/perukar/multipage-slideshow/css/plugins/magnific-popup.css]
[duruthemes.com/demo/html/perukar/multipage-slideshow/css/plugins/YouTubePopUp.css]
[duruthemes.com/demo/html/perukar/multipage-slideshow/css/plugins/select2.css]
[duruthemes.com/demo/html/perukar/multipage-slideshow/css/plugins/datepicker.css]
[duruthemes.com/demo/html/perukar/multipage-slideshow/css/plugins/vegas.slider.min.css]
[duruthemes.com/demo/html/perukar/multipage-slideshow/css/plugins.css]
[duruthemes.com/demo/html/perukar/multipage-slideshow/img/slider/11.jpg]
[duruthemes.com/demo/html/perukar/multipage-slideshow/css/style.css]
[duruthemes.com/demo/html/perukar/multipage-slideshow/img/slider/1.jpg]
[duruthemes.com/demo/html/perukar/multipage-slideshow/about.html]
[duruthemes.com/demo/html/perukar/multipage-slideshow/services.html]
[duruthemes.com/demo/html/perukar/multipage-slideshow/img/slider/18.jpg]
[duruthemes.com/demo/html/perukar/multipage-slideshow/pricing.html]
[duruthemes.com/demo/html/perukar/multipage-slideshow/img/slider/3.jpg]
[duruthemes.com/demo/html/perukar/multipage-slideshow/img/slider/14.jpg]
[duruthemes.com/demo/html/perukar/multipage-slideshow/img/slider/10.jpg]
[duruthemes.com/demo/html/perukar/multipage-slideshow/img/slider/13.jpg]
[duruthemes.com/demo/html/perukar/multipage-slideshow/portfolio.html]
[duruthemes.com/demo/html/perukar/multipage-slideshow/img/slider/12.jpg]
[duruthemes.com/demo/html/perukar/multipage-slideshow/team.html]
[duruthemes.com/demo/html/perukar/multipage-slideshow/faq.html]
[duruthemes.com/demo/html/perukar/multipage-slideshow/img/slider/2.jpg]
[duruthemes.com/demo/html/perukar/multipage-slideshow/services-page.html]
[duruthemes.com/demo/html/perukar/multipage-slideshow/img/team/team-detail.jpg]
[duruthemes.com/demo/html/perukar/multipage-slideshow/team-details.html]
[duruthemes.com/demo/html/perukar/multipage-slideshow/img/news/post1.jpg]
[duruthemes.com/demo/html/perukar/multipage-slideshow/img/news/post2.jpg]
[duruthemes.com/demo/html/perukar/multipage-slideshow/img/team/5.jpg]
[duruthemes.com/demo/html/perukar/multipage-slideshow/post.html]
[duruthemes.com/demo/html/perukar/multipage-slideshow/404.html]
[duruthemes.com/demo/html/perukar/multipage-slideshow/coming-soon.html]
[duruthemes.com/demo/html/perukar/multipage-slideshow/blog.html]
[duruthemes.com/demo/html/perukar/multipage-slideshow/blog2.html]
[duruthemes.com/demo/html/perukar/multipage-slideshow/blog3.html]
[duruthemes.com/demo/html/perukar/multipage-slideshow/contact.html]
[duruthemes.com/demo/html/perukar/multipage-slideshow/img/signature.svg]
[duruthemes.com/demo/html/perukar/multipage-slideshow/css/plugins/bootstrap.min.css]
[duruthemes.com/demo/html/perukar/multipage-slideshow/css/plugins/owl.carousel.min.css]
[duruthemes.com/demo/html/perukar/multipage-slideshow/css/plugins/owl.theme.default.min.css]
[duruthemes.com/demo/html/perukar/multipage-slideshow/css/plugins/animate.min.css]
[duruthemes.com/demo/html/perukar/multipage-slideshow/fonts/themify.eot]
[duruthemes.com/demo/html/perukar/multipage-slideshow/fonts/themifyd41d.eot]
[duruthemes.com/demo/html/perukar/multipage-slideshow/fonts/themify.woff]
[duruthemes.com/demo/html/perukar/multipage-slideshow/fonts/themify.ttf]
[duruthemes.com/demo/html/perukar/multipage-slideshow/css/plugins/themify-icons.css]
[duruthemes.com/demo/html/perukar/multipage-slideshow/fonts/themify.svg]
[duruthemes.com/demo/html/perukar/multipage-slideshow/fonts/icomoon0c8b.eot]
[duruthemes.com/demo/html/perukar/multipage-slideshow/fonts/icomoon0c8b.ttf]
[duruthemes.com/demo/html/perukar/multipage-slideshow/fonts/icomoon0c8b.woff]
[duruthemes.com/demo/html/perukar/multipage-slideshow/css/plugins/barber-icons.css]
[duruthemes.com/demo/html/perukar/multipage-slideshow/css/plugins/magnific-popup.css]
[duruthemes.com/demo/html/perukar/multipage-slideshow/css/plugins/close.png]
[duruthemes.com/demo/html/perukar/multipage-slideshow/css/plugins/YouTubePopUp.css]
[duruthemes.com/demo/html/perukar/multipage-slideshow/css/plugins/select2.css]
[duruthemes.com/demo/html/perukar/multipage-slideshow/css/plugins/datepicker.css]
[duruthemes.com/demo/html/perukar/multipage-slideshow/css/plugins/vegas.slider.min.css]
[duruthemes.com/demo/html/perukar/multipage-slideshow/css/plugins/owl.video.play.html]
[duruthemes.com/demo/html/perukar/multipage-slideshow/fonts/themify.svg]
[duruthemes.com/demo/html/perukar/multipage-slideshow/fonts/icomoon0c8b.svg]
[duruthemes.com/demo/html/perukar/multipage-slideshow/fonts/icomoon0c8b.svg]
